

***********************************************************************
Fatal NI connect error 12170.

  VERSION INFORMATION:
	TNS for 32-bit Windows: Version 11.2.0.4.0 - Production
	Windows NT TCP/IP NT Protocol Adapter for 32-bit Windows: Version 11.2.0.4.0 - Production
  Time: 01-MARS -2018 14:48:08
  Tracing not turned on.
  Tns error struct:
    ns main err code: 12535
    TNS-12535: Message 12535 not found; No message file for product=NETWORK, facility=TNS
    ns secondary err code: 12560
    nt main err code: 505
    TNS-00505: Message 505 not found; No message file for product=NETWORK, facility=TNS
    nt secondary err code: 60
    nt OS err code: 0
  Client address: (ADDRESS=(PROTOCOL=tcp)(HOST=10.231.232.39)(PORT=1521))


***********************************************************************
Fatal NI connect error 12170.

  VERSION INFORMATION:
	TNS for 32-bit Windows: Version 11.2.0.4.0 - Production
	Windows NT TCP/IP NT Protocol Adapter for 32-bit Windows: Version 11.2.0.4.0 - Production
  Time: 01-MARS -2018 16:18:06
  Tracing not turned on.
  Tns error struct:
    ns main err code: 12535
    TNS-12535: Message 12535 not found; No message file for product=NETWORK, facility=TNS
    ns secondary err code: 12560
    nt main err code: 505
    TNS-00505: Message 505 not found; No message file for product=NETWORK, facility=TNS
    nt secondary err code: 60
    nt OS err code: 0
  Client address: (ADDRESS=(PROTOCOL=tcp)(HOST=10.231.232.37)(PORT=1521))


***********************************************************************
Fatal NI connect error 12504, connecting to:
 (DESCRIPTION=(CONNECT_DATA=(SERVICE_NAME=)(CID=(PROGRAM=C:\Program?Files??x86?\Microsoft?Visual?Studio\2017\Enterprise\Common7\IDE\devenv.exe)(HOST=PC-LASARTE)(USER=ma.lasarte)))(ADDRESS=(PROTOCOL=TCP)(HOST=10.231.232.146)(PORT=1521)))

  VERSION INFORMATION:
	TNS for 32-bit Windows: Version 11.2.0.4.0 - Production
	Windows NT TCP/IP NT Protocol Adapter for 32-bit Windows: Version 11.2.0.4.0 - Production
  Time: 12-MARS -2018 10:20:33
  Tracing not turned on.
  Tns error struct:
    ns main err code: 12564
    TNS-12564: Message 12564 not found; No message file for product=NETWORK, facility=TNS
    ns secondary err code: 0
    nt main err code: 0
    nt secondary err code: 0
    nt OS err code: 0


***********************************************************************
Fatal NI connect error 12504, connecting to:
 (DESCRIPTION=(CONNECT_DATA=(SERVICE_NAME=)(CID=(PROGRAM=C:\Program?Files??x86?\Microsoft?Visual?Studio\2017\Enterprise\Common7\IDE\devenv.exe)(HOST=PC-LASARTE)(USER=ma.lasarte)))(ADDRESS=(PROTOCOL=TCP)(HOST=10.231.232.146)(PORT=1521)))

  VERSION INFORMATION:
	TNS for 32-bit Windows: Version 11.2.0.4.0 - Production
	Windows NT TCP/IP NT Protocol Adapter for 32-bit Windows: Version 11.2.0.4.0 - Production
  Time: 12-MARS -2018 10:20:38
  Tracing not turned on.
  Tns error struct:
    ns main err code: 12564
    TNS-12564: Message 12564 not found; No message file for product=NETWORK, facility=TNS
    ns secondary err code: 0
    nt main err code: 0
    nt secondary err code: 0
    nt OS err code: 0


***********************************************************************
Fatal NI connect error 12541, connecting to:
 (DESCRIPTION=(ADDRESS_LIST=(ADDRESS=(PROTOCOL=TCP)(HOST=localhost)(PORT=1521)))(CONNECT_DATA=(SERVICE_NAME=HeliosXE)(CID=(PROGRAM=C:\Program?Files??x86?\Microsoft?Visual?Studio\2017\Enterprise\Common7\IDE\devenv.exe)(HOST=PC-LASARTE)(USER=ma.lasarte))))

  VERSION INFORMATION:
	TNS for 32-bit Windows: Version 11.2.0.4.0 - Production
	Windows NT TCP/IP NT Protocol Adapter for 32-bit Windows: Version 11.2.0.4.0 - Production
  Time: 12-MARS -2018 10:20:49
  Tracing not turned on.
  Tns error struct:
    ns main err code: 12541
    TNS-12541: Message 12541 not found; No message file for product=NETWORK, facility=TNS
    ns secondary err code: 12560
    nt main err code: 511
    TNS-00511: Message 511 not found; No message file for product=NETWORK, facility=TNS
    nt secondary err code: 61
    nt OS err code: 0


***********************************************************************
Fatal NI connect error 12541, connecting to:
 (DESCRIPTION=(ADDRESS_LIST=(ADDRESS=(PROTOCOL=TCP)(HOST=localhost)(PORT=1521)))(CONNECT_DATA=(SERVICE_NAME=HeliosXE)(CID=(PROGRAM=C:\Program?Files??x86?\Microsoft?Visual?Studio\2017\Enterprise\Common7\IDE\devenv.exe)(HOST=PC-LASARTE)(USER=ma.lasarte))))

  VERSION INFORMATION:
	TNS for 32-bit Windows: Version 11.2.0.4.0 - Production
	Windows NT TCP/IP NT Protocol Adapter for 32-bit Windows: Version 11.2.0.4.0 - Production
  Time: 12-MARS -2018 10:21:02
  Tracing not turned on.
  Tns error struct:
    ns main err code: 12541
    TNS-12541: Message 12541 not found; No message file for product=NETWORK, facility=TNS
    ns secondary err code: 12560
    nt main err code: 511
    TNS-00511: Message 511 not found; No message file for product=NETWORK, facility=TNS
    nt secondary err code: 61
    nt OS err code: 0


***********************************************************************
Fatal NI connect error 12541, connecting to:
 (DESCRIPTION=(ADDRESS_LIST=(ADDRESS=(PROTOCOL=TCP)(HOST=localhost)(PORT=1521)))(CONNECT_DATA=(SERVICE_NAME=HeliosXE)(CID=(PROGRAM=C:\Program?Files??x86?\Microsoft?Visual?Studio\2017\Enterprise\Common7\IDE\devenv.exe)(HOST=PC-LASARTE)(USER=ma.lasarte))))

  VERSION INFORMATION:
	TNS for 32-bit Windows: Version 11.2.0.4.0 - Production
	Windows NT TCP/IP NT Protocol Adapter for 32-bit Windows: Version 11.2.0.4.0 - Production
  Time: 12-MARS -2018 10:22:48
  Tracing not turned on.
  Tns error struct:
    ns main err code: 12541
    TNS-12541: Message 12541 not found; No message file for product=NETWORK, facility=TNS
    ns secondary err code: 12560
    nt main err code: 511
    TNS-00511: Message 511 not found; No message file for product=NETWORK, facility=TNS
    nt secondary err code: 61
    nt OS err code: 0
